<?xml version="1.0" encoding="UTF-8"?>
<!-- Generated by org.testng.reporters.JUnitReportReporter -->
<testsuite hostname="Chiranjit-PC" name="Dream11.IPL.MailDream11" tests="1" failures="0" timestamp="19 May 2018 06:49:48 GMT" time="5.612" errors="0">
  <testcase name="MailMeDream11" time="5.612" classname="Dream11.IPL.MailDream11"/>
</testsuite> <!-- Dream11.IPL.MailDream11 -->
