<?xml version="1.0" encoding="UTF-8"?>
<!-- Generated by org.testng.reporters.JUnitReportReporter -->
<testsuite skipped="0" hostname="Chiranjit-PC" name="Dream11.IPL.MailDream11" tests="1" failures="0" timestamp="23 Sep 2018 12:22:18 GMT" time="47.256" errors="0">
  <testcase name="MailMeDream11" time="47.256" classname="Dream11.IPL.MailDream11"/>
</testsuite> <!-- Dream11.IPL.MailDream11 -->
