<?xml version="1.0" encoding="UTF-8"?>
<!-- Generated by org.testng.reporters.JUnitReportReporter -->
<testsuite hostname="Chiranjit-PC" name="Dream11.IPL.MailDream11" tests="1" failures="0" timestamp="15 May 2018 18:07:35 GMT" time="106.886" errors="0">
  <testcase name="MailMeDream11" time="106.886" classname="Dream11.IPL.MailDream11"/>
</testsuite> <!-- Dream11.IPL.MailDream11 -->
