<?xml version="1.0" encoding="UTF-8"?>
<!-- Generated by org.testng.reporters.JUnitReportReporter -->
<testsuite hostname="Chiranjit-PC" name="testRunner.Runner" tests="1" failures="0" timestamp="23 May 2018 17:49:10 GMT" time="119.940" errors="0">
  <testcase name="feature" time="119.940" classname="testRunner.Runner"/>
</testsuite> <!-- testRunner.Runner -->
